<?xml version="1.0" encoding="UTF-8"?>
<testng-results total="0" passed="0" failed="0" skipped="0">
  <reporter-output>
  </reporter-output>
  <suite started-at="2023-01-13T06:15:36Z" name="Surefire suite" finished-at="2023-01-13T06:16:52Z" duration-ms="76304">
    <groups>
    </groups>
    <test started-at="2023-01-13T06:15:36Z" name="Surefire test" finished-at="2023-01-13T06:16:52Z" duration-ms="76304">
    </test> <!-- Surefire test -->
  </suite> <!-- Surefire suite -->
</testng-results>
